<?xml version="1.0" encoding="UTF-8"?>
<testsuite xmlns:xsi="http://www.w3.org/2001/XMLSchema-instance" xsi:noNamespaceSchemaLocation="https://maven.apache.org/surefire/maven-surefire-plugin/xsd/surefire-test-report-3.0.xsd" version="3.0" name="com.example.httpclient.service.HttpClientServiceTest" time="3.1" tests="10" errors="0" skipped="0" failures="2">
  <properties>
[...]
</properties>
  <testcase name="testRequestWithQueryParams" classname="com.example.httpclient.service.HttpClientServiceTest" time="0.045">
    <system-out><![CDATA[2025-06-03 15:32:07.854 [main] INFO  o.s.t.c.s.AnnotationConfigContextLoaderUtils - Could not detect default configuration classes for test class [com.example.httpclient.service.HttpClientServiceTest]: HttpClientServiceTest does not declare any static, non-private, non-final, nested classes annotated with @Configuration.
2025-06-03 15:32:07.857 [main] INFO  o.s.b.t.c.SpringBootTestContextBootstrapper - Found @SpringBootConfiguration com.example.httpclient.HttpClientApplication for test class com.example.httpclient.service.HttpClientServiceTest

  .   ____          _            __ _ _
 /\\ / ___'_ __ _ _(_)_ __  __ _ \ \ \ \
( ( )\___ | '_ | '_| | '_ \/ _` | \ \ \ \
 \\/  ___)| |_)| | | | | || (_| |  ) ) ) )
  '  |____| .__|_| |_|_| |_\__, | / / / /
 =========|_|==============|___/=/_/_/_/
 :: Spring Boot ::                (v3.2.0)

2025-06-03 15:32:07.884 [main] INFO  c.e.h.service.HttpClientServiceTest - Starting HttpClientServiceTest using Java 17.0.12 with PID 23999 (started by shouzhi in /Users/shouzhi/temp/trae-work/http-client)
2025-06-03 15:32:07.885 [main] INFO  c.e.h.service.HttpClientServiceTest - No active profile set, falling back to 1 default profile: "default"
2025-06-03 15:32:08.076 [main] INFO  c.e.h.service.HttpClientServiceTest - Started HttpClientServiceTest in 0.212 seconds (process running for 5.428)
2025-06-03 15:32:08.092 [main] DEBUG o.internal.concurrent.TaskRunner - Q10007 scheduled after   0 µs: OkHttp ConnectionPool
2025-06-03 15:32:08.092 [OkHttp TaskRunner] DEBUG o.internal.concurrent.TaskRunner - Q10007 starting              : OkHttp ConnectionPool
2025-06-03 15:32:08.093 [OkHttp ConnectionPool] DEBUG o.internal.concurrent.TaskRunner - Q10007 run again after 300 s : OkHttp ConnectionPool
2025-06-03 15:32:08.093 [OkHttp TaskRunner] DEBUG o.internal.concurrent.TaskRunner - Q10007 finished run in 303 µs: OkHttp ConnectionPool
2025-06-03 15:32:08.104 [main] DEBUG o.internal.concurrent.TaskRunner - Q10007 scheduled after   0 µs: OkHttp ConnectionPool
2025-06-03 15:32:08.104 [OkHttp TaskRunner] DEBUG o.internal.concurrent.TaskRunner - Q10007 starting              : OkHttp ConnectionPool
2025-06-03 15:32:08.104 [OkHttp ConnectionPool] DEBUG o.internal.concurrent.TaskRunner - Q10007 run again after 300 s : OkHttp ConnectionPool
2025-06-03 15:32:08.104 [OkHttp TaskRunner] DEBUG o.internal.concurrent.TaskRunner - Q10007 finished run in 215 µs: OkHttp ConnectionPool
]]></system-out>
  </testcase>
  <testcase name="testTimeout" classname="com.example.httpclient.service.HttpClientServiceTest" time="2.528">
    <system-out><![CDATA[2025-06-03 15:32:08.138 [main] DEBUG o.internal.concurrent.TaskRunner - Q10007 canceled              : OkHttp ConnectionPool
2025-06-03 15:32:08.139 [main] DEBUG o.internal.concurrent.TaskRunner - Q10007 scheduled after   0 µs: OkHttp ConnectionPool
2025-06-03 15:32:08.139 [OkHttp TaskRunner] DEBUG o.internal.concurrent.TaskRunner - Q10007 starting              : OkHttp ConnectionPool
2025-06-03 15:32:08.139 [OkHttp ConnectionPool] DEBUG o.internal.concurrent.TaskRunner - Q10007 run again after 300 s : OkHttp ConnectionPool
2025-06-03 15:32:08.139 [OkHttp TaskRunner] DEBUG o.internal.concurrent.TaskRunner - Q10007 finished run in 157 µs: OkHttp ConnectionPool
2025-06-03 15:32:10.142 [main] DEBUG o.internal.concurrent.TaskRunner - Q10007 canceled              : OkHttp ConnectionPool
2025-06-03 15:32:10.143 [main] ERROR c.e.h.service.HttpClientService - HTTP请求执行失败: timeout
java.net.SocketTimeoutException: timeout
	at okio.SocketAsyncTimeout.newTimeoutException(JvmOkio.kt:146)
	at okio.AsyncTimeout.access$newTimeoutException(AsyncTimeout.kt:161)
	at okio.AsyncTimeout$source$1.read(AsyncTimeout.kt:339)
	at okio.RealBufferedSource.indexOf(RealBufferedSource.kt:430)
	at okio.RealBufferedSource.readUtf8LineStrict(RealBufferedSource.kt:323)
	at okhttp3.internal.http1.HeadersReader.readLine(HeadersReader.kt:29)
	at okhttp3.internal.http1.Http1ExchangeCodec.readResponseHeaders(Http1ExchangeCodec.kt:180)
	at okhttp3.internal.connection.Exchange.readResponseHeaders(Exchange.kt:110)
	at okhttp3.internal.http.CallServerInterceptor.intercept(CallServerInterceptor.kt:93)
	at okhttp3.internal.http.RealInterceptorChain.proceed(RealInterceptorChain.kt:109)
	at okhttp3.internal.connection.ConnectInterceptor.intercept(ConnectInterceptor.kt:34)
	at okhttp3.internal.http.RealInterceptorChain.proceed(RealInterceptorChain.kt:109)
	at okhttp3.internal.cache.CacheInterceptor.intercept(CacheInterceptor.kt:95)
	at okhttp3.internal.http.RealInterceptorChain.proceed(RealInterceptorChain.kt:109)
	at okhttp3.internal.http.BridgeInterceptor.intercept(BridgeInterceptor.kt:83)
	at okhttp3.internal.http.RealInterceptorChain.proceed(RealInterceptorChain.kt:109)
	at okhttp3.internal.http.RetryAndFollowUpInterceptor.intercept(RetryAndFollowUpInterceptor.kt:76)
	at okhttp3.internal.http.RealInterceptorChain.proceed(RealInterceptorChain.kt:109)
	at okhttp3.internal.connection.RealCall.getResponseWithInterceptorChain$okhttp(RealCall.kt:201)
	at okhttp3.internal.connection.RealCall.execute(RealCall.kt:154)
	at com.example.httpclient.service.HttpClientService.execute(HttpClientService.java:61)
	at com.example.httpclient.service.HttpClientServiceTest.testTimeout(HttpClientServiceTest.java:246)
	at java.base/jdk.internal.reflect.NativeMethodAccessorImpl.invoke0(Native Method)
	at java.base/jdk.internal.reflect.NativeMethodAccessorImpl.invoke(NativeMethodAccessorImpl.java:77)
	at java.base/jdk.internal.reflect.DelegatingMethodAccessorImpl.invoke(DelegatingMethodAccessorImpl.java:43)
	at java.base/java.lang.reflect.Method.invoke(Method.java:568)
	at org.junit.platform.commons.util.ReflectionUtils.invokeMethod(ReflectionUtils.java:728)
	at org.junit.jupiter.engine.execution.MethodInvocation.proceed(MethodInvocation.java:60)
	at org.junit.jupiter.engine.execution.InvocationInterceptorChain$ValidatingInvocation.proceed(InvocationInterceptorChain.java:131)
	at org.junit.jupiter.engine.extension.TimeoutExtension.intercept(TimeoutExtension.java:156)
	at org.junit.jupiter.engine.extension.TimeoutExtension.interceptTestableMethod(TimeoutExtension.java:147)
	at org.junit.jupiter.engine.extension.TimeoutExtension.interceptTestMethod(TimeoutExtension.java:86)
	at org.junit.jupiter.engine.execution.InterceptingExecutableInvoker$ReflectiveInterceptorCall.lambda$ofVoidMethod$0(InterceptingExecutableInvoker.java:103)
	at org.junit.jupiter.engine.execution.InterceptingExecutableInvoker.lambda$invoke$0(InterceptingExecutableInvoker.java:93)
	at org.junit.jupiter.engine.execution.InvocationInterceptorChain$InterceptedInvocation.proceed(InvocationInterceptorChain.java:106)
	at org.junit.jupiter.engine.execution.InvocationInterceptorChain.proceed(InvocationInterceptorChain.java:64)
	at org.junit.jupiter.engine.execution.InvocationInterceptorChain.chainAndInvoke(InvocationInterceptorChain.java:45)
	at org.junit.jupiter.engine.execution.InvocationInterceptorChain.invoke(InvocationInterceptorChain.java:37)
	at org.junit.jupiter.engine.execution.InterceptingExecutableInvoker.invoke(InterceptingExecutableInvoker.java:92)
	at org.junit.jupiter.engine.execution.InterceptingExecutableInvoker.invoke(InterceptingExecutableInvoker.java:86)
	at org.junit.jupiter.engine.descriptor.TestMethodTestDescriptor.lambda$invokeTestMethod$7(TestMethodTestDescriptor.java:218)
	at org.junit.platform.engine.support.hierarchical.ThrowableCollector.execute(ThrowableCollector.java:73)
	at org.junit.jupiter.engine.descriptor.TestMethodTestDescriptor.invokeTestMethod(TestMethodTestDescriptor.java:214)
	at org.junit.jupiter.engine.descriptor.TestMethodTestDescriptor.execute(TestMethodTestDescriptor.java:139)
	at org.junit.jupiter.engine.descriptor.TestMethodTestDescriptor.execute(TestMethodTestDescriptor.java:69)
	at org.junit.platform.engine.support.hierarchical.NodeTestTask.lambda$executeRecursively$6(NodeTestTask.java:151)
	at org.junit.platform.engine.support.hierarchical.ThrowableCollector.execute(ThrowableCollector.java:73)
	at org.junit.platform.engine.support.hierarchical.NodeTestTask.lambda$executeRecursively$8(NodeTestTask.java:141)
	at org.junit.platform.engine.support.hierarchical.Node.around(Node.java:137)
	at org.junit.platform.engine.support.hierarchical.NodeTestTask.lambda$executeRecursively$9(NodeTestTask.java:139)
	at org.junit.platform.engine.support.hierarchical.ThrowableCollector.execute(ThrowableCollector.java:73)
	at org.junit.platform.engine.support.hierarchical.NodeTestTask.executeRecursively(NodeTestTask.java:138)
	at org.junit.platform.engine.support.hierarchical.NodeTestTask.execute(NodeTestTask.java:95)
	at java.base/java.util.ArrayList.forEach(ArrayList.java:1511)
	at org.junit.platform.engine.support.hierarchical.SameThreadHierarchicalTestExecutorService.invokeAll(SameThreadHierarchicalTestExecutorService.java:41)
	at org.junit.platform.engine.support.hierarchical.NodeTestTask.lambda$executeRecursively$6(NodeTestTask.java:155)
	at org.junit.platform.engine.support.hierarchical.ThrowableCollector.execute(ThrowableCollector.java:73)
	at org.junit.platform.engine.support.hierarchical.NodeTestTask.lambda$executeRecursively$8(NodeTestTask.java:141)
	at org.junit.platform.engine.support.hierarchical.Node.around(Node.java:137)
	at org.junit.platform.engine.support.hierarchical.NodeTestTask.lambda$executeRecursively$9(NodeTestTask.java:139)
	at org.junit.platform.engine.support.hierarchical.ThrowableCollector.execute(ThrowableCollector.java:73)
	at org.junit.platform.engine.support.hierarchical.NodeTestTask.executeRecursively(NodeTestTask.java:138)
	at org.junit.platform.engine.support.hierarchical.NodeTestTask.execute(NodeTestTask.java:95)
	at java.base/java.util.ArrayList.forEach(ArrayList.java:1511)
	at org.junit.platform.engine.support.hierarchical.SameThreadHierarchicalTestExecutorService.invokeAll(SameThreadHierarchicalTestExecutorService.java:41)
	at org.junit.platform.engine.support.hierarchical.NodeTestTask.lambda$executeRecursively$6(NodeTestTask.java:155)
	at org.junit.platform.engine.support.hierarchical.ThrowableCollector.execute(ThrowableCollector.java:73)
	at org.junit.platform.engine.support.hierarchical.NodeTestTask.lambda$executeRecursively$8(NodeTestTask.java:141)
	at org.junit.platform.engine.support.hierarchical.Node.around(Node.java:137)
	at org.junit.platform.engine.support.hierarchical.NodeTestTask.lambda$executeRecursively$9(NodeTestTask.java:139)
	at org.junit.platform.engine.support.hierarchical.ThrowableCollector.execute(ThrowableCollector.java:73)
	at org.junit.platform.engine.support.hierarchical.NodeTestTask.executeRecursively(NodeTestTask.java:138)
	at org.junit.platform.engine.support.hierarchical.NodeTestTask.execute(NodeTestTask.java:95)
	at org.junit.platform.engine.support.hierarchical.SameThreadHierarchicalTestExecutorService.submit(SameThreadHierarchicalTestExecutorService.java:35)
	at org.junit.platform.engine.support.hierarchical.HierarchicalTestExecutor.execute(HierarchicalTestExecutor.java:57)
	at org.junit.platform.engine.support.hierarchical.HierarchicalTestEngine.execute(HierarchicalTestEngine.java:54)
	at org.junit.platform.launcher.core.EngineExecutionOrchestrator.execute(EngineExecutionOrchestrator.java:198)
	at org.junit.platform.launcher.core.EngineExecutionOrchestrator.execute(EngineExecutionOrchestrator.java:169)
	at org.junit.platform.launcher.core.EngineExecutionOrchestrator.execute(EngineExecutionOrchestrator.java:93)
	at org.junit.platform.launcher.core.EngineExecutionOrchestrator.lambda$execute$0(EngineExecutionOrchestrator.java:58)
	at org.junit.platform.launcher.core.EngineExecutionOrchestrator.withInterceptedStreams(EngineExecutionOrchestrator.java:141)
	at org.junit.platform.launcher.core.EngineExecutionOrchestrator.execute(EngineExecutionOrchestrator.java:57)
	at org.junit.platform.launcher.core.DefaultLauncher.execute(DefaultLauncher.java:103)
	at org.junit.platform.launcher.core.DefaultLauncher.execute(DefaultLauncher.java:85)
	at org.junit.platform.launcher.core.DelegatingLauncher.execute(DelegatingLauncher.java:47)
	at org.apache.maven.surefire.junitplatform.LazyLauncher.execute(LazyLauncher.java:56)
	at org.apache.maven.surefire.junitplatform.JUnitPlatformProvider.execute(JUnitPlatformProvider.java:184)
	at org.apache.maven.surefire.junitplatform.JUnitPlatformProvider.invokeAllTests(JUnitPlatformProvider.java:148)
	at org.apache.maven.surefire.junitplatform.JUnitPlatformProvider.invoke(JUnitPlatformProvider.java:122)
	at org.apache.maven.surefire.booter.ForkedBooter.runSuitesInProcess(ForkedBooter.java:385)
	at org.apache.maven.surefire.booter.ForkedBooter.execute(ForkedBooter.java:162)
	at org.apache.maven.surefire.booter.ForkedBooter.run(ForkedBooter.java:507)
	at org.apache.maven.surefire.booter.ForkedBooter.main(ForkedBooter.java:495)
	Suppressed: java.io.IOException: unexpected end of stream on http://localhost:8089/...
		at okhttp3.internal.http1.Http1ExchangeCodec.readResponseHeaders(Http1ExchangeCodec.kt:210)
		... 86 common frames omitted
	Caused by: java.io.EOFException: \n not found: limit=0 content=…
		at okio.RealBufferedSource.readUtf8LineStrict(RealBufferedSource.kt:335)
		at okhttp3.internal.http1.HeadersReader.readLine(HeadersReader.kt:29)
		at okhttp3.internal.http1.Http1ExchangeCodec.readResponseHeaders(Http1ExchangeCodec.kt:180)
		... 86 common frames omitted
Caused by: java.net.SocketException: Socket closed
	at java.base/sun.nio.ch.NioSocketImpl.endRead(NioSocketImpl.java:253)
	at java.base/sun.nio.ch.NioSocketImpl.implRead(NioSocketImpl.java:332)
	at java.base/sun.nio.ch.NioSocketImpl.read(NioSocketImpl.java:355)
	at java.base/sun.nio.ch.NioSocketImpl$1.read(NioSocketImpl.java:808)
	at java.base/java.net.Socket$SocketInputStream.read(Socket.java:966)
	at okio.InputStreamSource.read(JvmOkio.kt:93)
	at okio.AsyncTimeout$source$1.read(AsyncTimeout.kt:128)
	... 90 common frames omitted
]]></system-out>
  </testcase>
  <testcase name="testDeleteRequest" classname="com.example.httpclient.service.HttpClientServiceTest" time="0.021">
    <system-out><![CDATA[2025-06-03 15:32:10.666 [main] DEBUG o.internal.concurrent.TaskRunner - Q10007 scheduled after   0 µs: OkHttp ConnectionPool
2025-06-03 15:32:10.666 [OkHttp TaskRunner] DEBUG o.internal.concurrent.TaskRunner - Q10007 starting              : OkHttp ConnectionPool
2025-06-03 15:32:10.666 [OkHttp ConnectionPool] DEBUG o.internal.concurrent.TaskRunner - Q10007 run again after 300 s : OkHttp ConnectionPool
2025-06-03 15:32:10.666 [OkHttp TaskRunner] DEBUG o.internal.concurrent.TaskRunner - Q10007 finished run in 205 µs: OkHttp ConnectionPool
2025-06-03 15:32:10.669 [main] DEBUG o.internal.concurrent.TaskRunner - Q10007 scheduled after   0 µs: OkHttp ConnectionPool
2025-06-03 15:32:10.669 [OkHttp TaskRunner] DEBUG o.internal.concurrent.TaskRunner - Q10007 starting              : OkHttp ConnectionPool
2025-06-03 15:32:10.670 [OkHttp ConnectionPool] DEBUG o.internal.concurrent.TaskRunner - Q10007 run again after 300 s : OkHttp ConnectionPool
2025-06-03 15:32:10.670 [OkHttp TaskRunner] DEBUG o.internal.concurrent.TaskRunner - Q10007 finished run in 203 µs: OkHttp ConnectionPool
]]></system-out>
  </testcase>
  <testcase name="testAsyncRequest" classname="com.example.httpclient.service.HttpClientServiceTest" time="0.117">
    <system-out><![CDATA[2025-06-03 15:32:10.684 [ForkJoinPool.commonPool-worker-1] DEBUG o.internal.concurrent.TaskRunner - Q10007 canceled              : OkHttp ConnectionPool
2025-06-03 15:32:10.685 [ForkJoinPool.commonPool-worker-1] DEBUG o.internal.concurrent.TaskRunner - Q10007 scheduled after   0 µs: OkHttp ConnectionPool
2025-06-03 15:32:10.685 [OkHttp TaskRunner] DEBUG o.internal.concurrent.TaskRunner - Q10007 starting              : OkHttp ConnectionPool
2025-06-03 15:32:10.685 [OkHttp ConnectionPool] DEBUG o.internal.concurrent.TaskRunner - Q10007 run again after 300 s : OkHttp ConnectionPool
2025-06-03 15:32:10.685 [OkHttp TaskRunner] DEBUG o.internal.concurrent.TaskRunner - Q10007 finished run in 164 µs: OkHttp ConnectionPool
2025-06-03 15:32:10.788 [ForkJoinPool.commonPool-worker-1] DEBUG o.internal.concurrent.TaskRunner - Q10007 scheduled after   0 µs: OkHttp ConnectionPool
2025-06-03 15:32:10.789 [OkHttp TaskRunner] DEBUG o.internal.concurrent.TaskRunner - Q10007 starting              : OkHttp ConnectionPool
2025-06-03 15:32:10.789 [OkHttp ConnectionPool] DEBUG o.internal.concurrent.TaskRunner - Q10007 run again after 300 s : OkHttp ConnectionPool
2025-06-03 15:32:10.789 [OkHttp TaskRunner] DEBUG o.internal.concurrent.TaskRunner - Q10007 finished run in 216 µs: OkHttp ConnectionPool
]]></system-out>
  </testcase>
  <testcase name="testRequestWithHeaders" classname="com.example.httpclient.service.HttpClientServiceTest" time="0.016">
    <system-out><![CDATA[2025-06-03 15:32:10.803 [main] DEBUG o.internal.concurrent.TaskRunner - Q10007 canceled              : OkHttp ConnectionPool
2025-06-03 15:32:10.803 [main] DEBUG o.internal.concurrent.TaskRunner - Q10007 scheduled after   0 µs: OkHttp ConnectionPool
2025-06-03 15:32:10.804 [OkHttp TaskRunner] DEBUG o.internal.concurrent.TaskRunner - Q10007 starting              : OkHttp ConnectionPool
2025-06-03 15:32:10.804 [OkHttp ConnectionPool] DEBUG o.internal.concurrent.TaskRunner - Q10007 run again after 300 s : OkHttp ConnectionPool
2025-06-03 15:32:10.804 [OkHttp TaskRunner] DEBUG o.internal.concurrent.TaskRunner - Q10007 finished run in 387 µs: OkHttp ConnectionPool
2025-06-03 15:32:10.806 [main] DEBUG o.internal.concurrent.TaskRunner - Q10007 scheduled after   0 µs: OkHttp ConnectionPool
2025-06-03 15:32:10.806 [OkHttp TaskRunner] DEBUG o.internal.concurrent.TaskRunner - Q10007 starting              : OkHttp ConnectionPool
2025-06-03 15:32:10.806 [OkHttp ConnectionPool] DEBUG o.internal.concurrent.TaskRunner - Q10007 run again after 300 s : OkHttp ConnectionPool
2025-06-03 15:32:10.806 [OkHttp TaskRunner] DEBUG o.internal.concurrent.TaskRunner - Q10007 finished run in 143 µs: OkHttp ConnectionPool
]]></system-out>
  </testcase>
  <testcase name="testErrorResponse" classname="com.example.httpclient.service.HttpClientServiceTest" time="0.018">
    <system-out><![CDATA[2025-06-03 15:32:10.821 [main] DEBUG o.internal.concurrent.TaskRunner - Q10007 canceled              : OkHttp ConnectionPool
2025-06-03 15:32:10.822 [main] DEBUG o.internal.concurrent.TaskRunner - Q10007 scheduled after   0 µs: OkHttp ConnectionPool
2025-06-03 15:32:10.822 [OkHttp TaskRunner] DEBUG o.internal.concurrent.TaskRunner - Q10007 starting              : OkHttp ConnectionPool
2025-06-03 15:32:10.822 [OkHttp ConnectionPool] DEBUG o.internal.concurrent.TaskRunner - Q10007 run again after 300 s : OkHttp ConnectionPool
2025-06-03 15:32:10.822 [OkHttp TaskRunner] DEBUG o.internal.concurrent.TaskRunner - Q10007 finished run in 240 µs: OkHttp ConnectionPool
2025-06-03 15:32:10.824 [main] DEBUG o.internal.concurrent.TaskRunner - Q10007 scheduled after   0 µs: OkHttp ConnectionPool
2025-06-03 15:32:10.825 [OkHttp TaskRunner] DEBUG o.internal.concurrent.TaskRunner - Q10007 starting              : OkHttp ConnectionPool
2025-06-03 15:32:10.825 [OkHttp ConnectionPool] DEBUG o.internal.concurrent.TaskRunner - Q10007 run again after 300 s : OkHttp ConnectionPool
2025-06-03 15:32:10.825 [OkHttp TaskRunner] DEBUG o.internal.concurrent.TaskRunner - Q10007 finished run in 184 µs: OkHttp ConnectionPool
]]></system-out>
  </testcase>
  <testcase name="testPutRequest" classname="com.example.httpclient.service.HttpClientServiceTest" time="0.037">
    <failure message="expected: &lt;true&gt; but was: &lt;false&gt;" type="org.opentest4j.AssertionFailedError"><![CDATA[org.opentest4j.AssertionFailedError: expected: <true> but was: <false>
	at org.junit.jupiter.api.AssertionFailureBuilder.build(AssertionFailureBuilder.java:151)
	at org.junit.jupiter.api.AssertionFailureBuilder.buildAndThrow(AssertionFailureBuilder.java:132)
	at org.junit.jupiter.api.AssertTrue.failNotTrue(AssertTrue.java:63)
	at org.junit.jupiter.api.AssertTrue.assertTrue(AssertTrue.java:36)
	at org.junit.jupiter.api.AssertTrue.assertTrue(AssertTrue.java:31)
	at org.junit.jupiter.api.Assertions.assertTrue(Assertions.java:183)
	at com.example.httpclient.service.HttpClientServiceTest.testPutRequest(HttpClientServiceTest.java:123)
	at java.base/java.lang.reflect.Method.invoke(Method.java:568)
	at java.base/java.util.ArrayList.forEach(ArrayList.java:1511)
	at java.base/java.util.ArrayList.forEach(ArrayList.java:1511)
]]></failure>
    <system-out><![CDATA[2025-06-03 15:32:10.843 [main] DEBUG o.internal.concurrent.TaskRunner - Q10007 canceled              : OkHttp ConnectionPool
2025-06-03 15:32:10.844 [main] DEBUG o.internal.concurrent.TaskRunner - Q10007 scheduled after   0 µs: OkHttp ConnectionPool
2025-06-03 15:32:10.844 [OkHttp TaskRunner] DEBUG o.internal.concurrent.TaskRunner - Q10007 starting              : OkHttp ConnectionPool
2025-06-03 15:32:10.844 [OkHttp ConnectionPool] DEBUG o.internal.concurrent.TaskRunner - Q10007 run again after 300 s : OkHttp ConnectionPool
2025-06-03 15:32:10.844 [OkHttp TaskRunner] DEBUG o.internal.concurrent.TaskRunner - Q10007 finished run in 327 µs: OkHttp ConnectionPool
2025-06-03 15:32:10.857 [main] DEBUG o.internal.concurrent.TaskRunner - Q10007 scheduled after   0 µs: OkHttp ConnectionPool
2025-06-03 15:32:10.857 [OkHttp TaskRunner] DEBUG o.internal.concurrent.TaskRunner - Q10007 starting              : OkHttp ConnectionPool
2025-06-03 15:32:10.857 [OkHttp ConnectionPool] DEBUG o.internal.concurrent.TaskRunner - Q10007 run again after 300 s : OkHttp ConnectionPool
2025-06-03 15:32:10.857 [OkHttp TaskRunner] DEBUG o.internal.concurrent.TaskRunner - Q10007 finished run in 173 µs: OkHttp ConnectionPool
2025-06-03 15:32:10.858 [main] WARN  c.e.h.service.HttpClientService - 响应体JSON解析失败，返回原始字符串: Unrecognized token 'Request': was expecting (JSON String, Number, Array, Object or token 'null', 'true' or 'false')
 at [Source: (String)"
                                               Request was not matched
                                               =======================

-----------------------------------------------------------------------------------------------------------------------
| Closest stub                                             | Request                                                  |
--------------------------------------------------------------------------------------------------------------------"[truncated 643 chars]; line: 2, column: 55]
]]></system-out>
  </testcase>
  <testcase name="testPostRequest" classname="com.example.httpclient.service.HttpClientServiceTest" time="0.024">
    <failure message="expected: &lt;true&gt; but was: &lt;false&gt;" type="org.opentest4j.AssertionFailedError"><![CDATA[org.opentest4j.AssertionFailedError: expected: <true> but was: <false>
	at org.junit.jupiter.api.AssertionFailureBuilder.build(AssertionFailureBuilder.java:151)
	at org.junit.jupiter.api.AssertionFailureBuilder.buildAndThrow(AssertionFailureBuilder.java:132)
	at org.junit.jupiter.api.AssertTrue.failNotTrue(AssertTrue.java:63)
	at org.junit.jupiter.api.AssertTrue.assertTrue(AssertTrue.java:36)
	at org.junit.jupiter.api.AssertTrue.assertTrue(AssertTrue.java:31)
	at org.junit.jupiter.api.Assertions.assertTrue(Assertions.java:183)
	at com.example.httpclient.service.HttpClientServiceTest.testPostRequest(HttpClientServiceTest.java:96)
	at java.base/java.lang.reflect.Method.invoke(Method.java:568)
	at java.base/java.util.ArrayList.forEach(ArrayList.java:1511)
	at java.base/java.util.ArrayList.forEach(ArrayList.java:1511)
]]></failure>
    <system-out><![CDATA[2025-06-03 15:32:10.883 [main] DEBUG o.internal.concurrent.TaskRunner - Q10007 canceled              : OkHttp ConnectionPool
2025-06-03 15:32:10.884 [main] DEBUG o.internal.concurrent.TaskRunner - Q10007 scheduled after   0 µs: OkHttp ConnectionPool
2025-06-03 15:32:10.884 [OkHttp TaskRunner] DEBUG o.internal.concurrent.TaskRunner - Q10007 starting              : OkHttp ConnectionPool
2025-06-03 15:32:10.884 [OkHttp ConnectionPool] DEBUG o.internal.concurrent.TaskRunner - Q10007 run again after 300 s : OkHttp ConnectionPool
2025-06-03 15:32:10.884 [OkHttp TaskRunner] DEBUG o.internal.concurrent.TaskRunner - Q10007 finished run in 251 µs: OkHttp ConnectionPool
2025-06-03 15:32:10.886 [main] DEBUG o.internal.concurrent.TaskRunner - Q10007 scheduled after   0 µs: OkHttp ConnectionPool
2025-06-03 15:32:10.886 [OkHttp TaskRunner] DEBUG o.internal.concurrent.TaskRunner - Q10007 starting              : OkHttp ConnectionPool
2025-06-03 15:32:10.887 [OkHttp ConnectionPool] DEBUG o.internal.concurrent.TaskRunner - Q10007 run again after 300 s : OkHttp ConnectionPool
2025-06-03 15:32:10.887 [main] WARN  c.e.h.service.HttpClientService - 响应体JSON解析失败，返回原始字符串: Unrecognized token 'Request': was expecting (JSON String, Number, Array, Object or token 'null', 'true' or 'false')
 at [Source: (String)"
                                               Request was not matched
                                               =======================

-----------------------------------------------------------------------------------------------------------------------
| Closest stub                                             | Request                                                  |
--------------------------------------------------------------------------------------------------------------------"[truncated 642 chars]; line: 2, column: 55]
2025-06-03 15:32:10.887 [OkHttp TaskRunner] DEBUG o.internal.concurrent.TaskRunner - Q10007 finished run in 414 µs: OkHttp ConnectionPool
]]></system-out>
  </testcase>
  <testcase name="testConvenienceMethods" classname="com.example.httpclient.service.HttpClientServiceTest" time="0.038">
    <system-out><![CDATA[2025-06-03 15:32:10.905 [main] DEBUG o.internal.concurrent.TaskRunner - Q10007 canceled              : OkHttp ConnectionPool
2025-06-03 15:32:10.905 [main] DEBUG o.internal.concurrent.TaskRunner - Q10007 scheduled after   0 µs: OkHttp ConnectionPool
2025-06-03 15:32:10.906 [OkHttp TaskRunner] DEBUG o.internal.concurrent.TaskRunner - Q10007 starting              : OkHttp ConnectionPool
2025-06-03 15:32:10.906 [OkHttp ConnectionPool] DEBUG o.internal.concurrent.TaskRunner - Q10007 run again after 300 s : OkHttp ConnectionPool
2025-06-03 15:32:10.906 [OkHttp TaskRunner] DEBUG o.internal.concurrent.TaskRunner - Q10007 finished run in 353 µs: OkHttp ConnectionPool
2025-06-03 15:32:10.908 [main] DEBUG o.internal.concurrent.TaskRunner - Q10007 scheduled after   0 µs: OkHttp ConnectionPool
2025-06-03 15:32:10.909 [OkHttp TaskRunner] DEBUG o.internal.concurrent.TaskRunner - Q10007 starting              : OkHttp ConnectionPool
2025-06-03 15:32:10.909 [OkHttp ConnectionPool] DEBUG o.internal.concurrent.TaskRunner - Q10007 run again after 300 s : OkHttp ConnectionPool
2025-06-03 15:32:10.909 [OkHttp TaskRunner] DEBUG o.internal.concurrent.TaskRunner - Q10007 finished run in 263 µs: OkHttp ConnectionPool
2025-06-03 15:32:10.916 [main] DEBUG o.internal.concurrent.TaskRunner - Q10007 scheduled after   0 µs: OkHttp ConnectionPool
2025-06-03 15:32:10.916 [OkHttp TaskRunner] DEBUG o.internal.concurrent.TaskRunner - Q10007 starting              : OkHttp ConnectionPool
2025-06-03 15:32:10.917 [OkHttp ConnectionPool] DEBUG o.internal.concurrent.TaskRunner - Q10007 run again after 300 s : OkHttp ConnectionPool
2025-06-03 15:32:10.917 [OkHttp TaskRunner] DEBUG o.internal.concurrent.TaskRunner - Q10007 finished run in 206 µs: OkHttp ConnectionPool
2025-06-03 15:32:10.923 [main] DEBUG o.internal.concurrent.TaskRunner - Q10007 scheduled after   0 µs: OkHttp ConnectionPool
2025-06-03 15:32:10.923 [OkHttp TaskRunner] DEBUG o.internal.concurrent.TaskRunner - Q10007 starting              : OkHttp ConnectionPool
2025-06-03 15:32:10.923 [OkHttp ConnectionPool] DEBUG o.internal.concurrent.TaskRunner - Q10007 run again after 300 s : OkHttp ConnectionPool
2025-06-03 15:32:10.923 [OkHttp TaskRunner] DEBUG o.internal.concurrent.TaskRunner - Q10007 finished run in 159 µs: OkHttp ConnectionPool
2025-06-03 15:32:10.928 [main] DEBUG o.internal.concurrent.TaskRunner - Q10007 scheduled after   0 µs: OkHttp ConnectionPool
2025-06-03 15:32:10.929 [OkHttp TaskRunner] DEBUG o.internal.concurrent.TaskRunner - Q10007 starting              : OkHttp ConnectionPool
2025-06-03 15:32:10.929 [OkHttp ConnectionPool] DEBUG o.internal.concurrent.TaskRunner - Q10007 run again after 300 s : OkHttp ConnectionPool
2025-06-03 15:32:10.929 [OkHttp TaskRunner] DEBUG o.internal.concurrent.TaskRunner - Q10007 finished run in 204 µs: OkHttp ConnectionPool
]]></system-out>
  </testcase>
  <testcase name="testGetRequest" classname="com.example.httpclient.service.HttpClientServiceTest" time="0.019">
    <system-out><![CDATA[2025-06-03 15:32:10.945 [main] DEBUG o.internal.concurrent.TaskRunner - Q10007 canceled              : OkHttp ConnectionPool
2025-06-03 15:32:10.946 [main] DEBUG o.internal.concurrent.TaskRunner - Q10007 scheduled after   0 µs: OkHttp ConnectionPool
2025-06-03 15:32:10.946 [OkHttp TaskRunner] DEBUG o.internal.concurrent.TaskRunner - Q10007 starting              : OkHttp ConnectionPool
2025-06-03 15:32:10.946 [OkHttp ConnectionPool] DEBUG o.internal.concurrent.TaskRunner - Q10007 run again after 300 s : OkHttp ConnectionPool
2025-06-03 15:32:10.946 [OkHttp TaskRunner] DEBUG o.internal.concurrent.TaskRunner - Q10007 finished run in 388 µs: OkHttp ConnectionPool
2025-06-03 15:32:10.948 [main] DEBUG o.internal.concurrent.TaskRunner - Q10007 scheduled after   0 µs: OkHttp ConnectionPool
2025-06-03 15:32:10.949 [OkHttp TaskRunner] DEBUG o.internal.concurrent.TaskRunner - Q10007 starting              : OkHttp ConnectionPool
2025-06-03 15:32:10.949 [OkHttp ConnectionPool] DEBUG o.internal.concurrent.TaskRunner - Q10007 run again after 300 s : OkHttp ConnectionPool
2025-06-03 15:32:10.949 [OkHttp TaskRunner] DEBUG o.internal.concurrent.TaskRunner - Q10007 finished run in 196 µs: OkHttp ConnectionPool
]]></system-out>
  </testcase>
</testsuite>