<?xml version="1.0" encoding="UTF-8"?>
<testsuite xmlns:xsi="http://www.w3.org/2001/XMLSchema-instance" xsi:noNamespaceSchemaLocation="https://maven.apache.org/surefire/maven-surefire-plugin/xsd/surefire-test-report-3.0.xsd" version="3.0" name="com.example.httpclient.service.FileTransferServiceTest" time="4.692" tests="12" errors="0" skipped="0" failures="0">
  <properties>
[...]
</properties>
  <testcase name="testUploadMultipartFile" classname="com.example.httpclient.service.FileTransferServiceTest" time="1.336">
    <system-out><![CDATA[15:32:03.350 [main] INFO org.springframework.test.context.support.AnnotationConfigContextLoaderUtils -- Could not detect default configuration classes for test class [com.example.httpclient.service.FileTransferServiceTest]: FileTransferServiceTest does not declare any static, non-private, non-final, nested classes annotated with @Configuration.
15:32:03.466 [main] INFO org.springframework.boot.test.context.SpringBootTestContextBootstrapper -- Found @SpringBootConfiguration com.example.httpclient.HttpClientApplication for test class com.example.httpclient.service.FileTransferServiceTest

  .   ____          _            __ _ _
 /\\ / ___'_ __ _ _(_)_ __  __ _ \ \ \ \
( ( )\___ | '_ | '_| | '_ \/ _` | \ \ \ \
 \\/  ___)| |_)| | | | | || (_| |  ) ) ) )
  '  |____| .__|_| |_|_| |_\__, | / / / /
 =========|_|==============|___/=/_/_/_/
 :: Spring Boot ::                (v3.2.0)

2025-06-03 15:32:03.953 [main] INFO  c.e.h.s.FileTransferServiceTest - Starting FileTransferServiceTest using Java 17.0.12 with PID 23999 (started by shouzhi in /Users/shouzhi/temp/trae-work/http-client)
2025-06-03 15:32:03.954 [main] INFO  c.e.h.s.FileTransferServiceTest - No active profile set, falling back to 1 default profile: "default"
2025-06-03 15:32:05.886 [main] INFO  c.e.h.s.FileTransferServiceTest - Started FileTransferServiceTest in 2.296 seconds (process running for 3.238)
2025-06-03 15:32:07.200 [main] DEBUG o.internal.concurrent.TaskRunner - Q10000 scheduled after   0 µs: OkHttp ConnectionPool
2025-06-03 15:32:07.200 [OkHttp TaskRunner] DEBUG o.internal.concurrent.TaskRunner - Q10000 starting              : OkHttp ConnectionPool
2025-06-03 15:32:07.201 [OkHttp ConnectionPool] DEBUG o.internal.concurrent.TaskRunner - Q10000 run again after 300 s : OkHttp ConnectionPool
2025-06-03 15:32:07.201 [OkHttp TaskRunner] DEBUG o.internal.concurrent.TaskRunner - Q10000 finished run in 516 µs: OkHttp ConnectionPool
2025-06-03 15:32:07.223 [main] DEBUG o.internal.concurrent.TaskRunner - Q10000 scheduled after   0 µs: OkHttp ConnectionPool
2025-06-03 15:32:07.223 [OkHttp TaskRunner] DEBUG o.internal.concurrent.TaskRunner - Q10000 starting              : OkHttp ConnectionPool
2025-06-03 15:32:07.223 [OkHttp ConnectionPool] DEBUG o.internal.concurrent.TaskRunner - Q10000 run again after 300 s : OkHttp ConnectionPool
2025-06-03 15:32:07.223 [OkHttp TaskRunner] DEBUG o.internal.concurrent.TaskRunner - Q10000 finished run in 328 µs: OkHttp ConnectionPool
]]></system-out>
  </testcase>
  <testcase name="testUploadByteArray" classname="com.example.httpclient.service.FileTransferServiceTest" time="0.029">
    <system-out><![CDATA[2025-06-03 15:32:07.267 [main] DEBUG o.internal.concurrent.TaskRunner - Q10000 canceled              : OkHttp ConnectionPool
2025-06-03 15:32:07.268 [main] DEBUG o.internal.concurrent.TaskRunner - Q10000 scheduled after   0 µs: OkHttp ConnectionPool
2025-06-03 15:32:07.268 [OkHttp TaskRunner] DEBUG o.internal.concurrent.TaskRunner - Q10000 starting              : OkHttp ConnectionPool
2025-06-03 15:32:07.268 [OkHttp ConnectionPool] DEBUG o.internal.concurrent.TaskRunner - Q10000 run again after 300 s : OkHttp ConnectionPool
2025-06-03 15:32:07.268 [OkHttp TaskRunner] DEBUG o.internal.concurrent.TaskRunner - Q10000 finished run in 316 µs: OkHttp ConnectionPool
2025-06-03 15:32:07.271 [main] DEBUG o.internal.concurrent.TaskRunner - Q10000 scheduled after   0 µs: OkHttp ConnectionPool
2025-06-03 15:32:07.272 [OkHttp TaskRunner] DEBUG o.internal.concurrent.TaskRunner - Q10000 starting              : OkHttp ConnectionPool
2025-06-03 15:32:07.272 [OkHttp ConnectionPool] DEBUG o.internal.concurrent.TaskRunner - Q10000 run again after 300 s : OkHttp ConnectionPool
2025-06-03 15:32:07.272 [OkHttp TaskRunner] DEBUG o.internal.concurrent.TaskRunner - Q10000 finished run in 406 µs: OkHttp ConnectionPool
]]></system-out>
  </testcase>
  <testcase name="testAsyncUpload" classname="com.example.httpclient.service.FileTransferServiceTest" time="0.124">
    <system-out><![CDATA[2025-06-03 15:32:07.289 [ForkJoinPool.commonPool-worker-1] DEBUG o.internal.concurrent.TaskRunner - Q10000 canceled              : OkHttp ConnectionPool
2025-06-03 15:32:07.290 [ForkJoinPool.commonPool-worker-1] DEBUG o.internal.concurrent.TaskRunner - Q10000 scheduled after   0 µs: OkHttp ConnectionPool
2025-06-03 15:32:07.291 [OkHttp TaskRunner] DEBUG o.internal.concurrent.TaskRunner - Q10000 starting              : OkHttp ConnectionPool
2025-06-03 15:32:07.291 [OkHttp ConnectionPool] DEBUG o.internal.concurrent.TaskRunner - Q10000 run again after 300 s : OkHttp ConnectionPool
2025-06-03 15:32:07.292 [OkHttp TaskRunner] DEBUG o.internal.concurrent.TaskRunner - Q10000 finished run in 607 µs: OkHttp ConnectionPool
2025-06-03 15:32:07.397 [ForkJoinPool.commonPool-worker-1] DEBUG o.internal.concurrent.TaskRunner - Q10000 scheduled after   0 µs: OkHttp ConnectionPool
2025-06-03 15:32:07.397 [OkHttp TaskRunner] DEBUG o.internal.concurrent.TaskRunner - Q10000 starting              : OkHttp ConnectionPool
2025-06-03 15:32:07.397 [OkHttp ConnectionPool] DEBUG o.internal.concurrent.TaskRunner - Q10000 run again after 300 s : OkHttp ConnectionPool
2025-06-03 15:32:07.397 [OkHttp TaskRunner] DEBUG o.internal.concurrent.TaskRunner - Q10000 finished run in 253 µs: OkHttp ConnectionPool
]]></system-out>
  </testcase>
  <testcase name="testUploadLocalFile" classname="com.example.httpclient.service.FileTransferServiceTest" time="0.038">
    <system-out><![CDATA[2025-06-03 15:32:07.424 [main] DEBUG o.internal.concurrent.TaskRunner - Q10000 canceled              : OkHttp ConnectionPool
2025-06-03 15:32:07.425 [main] DEBUG o.internal.concurrent.TaskRunner - Q10000 scheduled after   0 µs: OkHttp ConnectionPool
2025-06-03 15:32:07.430 [main] DEBUG o.internal.concurrent.TaskRunner - Q10000 already scheduled     : OkHttp ConnectionPool
2025-06-03 15:32:07.435 [OkHttp TaskRunner] DEBUG o.internal.concurrent.TaskRunner - Q10000 starting              : OkHttp ConnectionPool
2025-06-03 15:32:07.436 [OkHttp ConnectionPool] DEBUG o.internal.concurrent.TaskRunner - Q10000 run again after 300 s : OkHttp ConnectionPool
2025-06-03 15:32:07.436 [OkHttp TaskRunner] DEBUG o.internal.concurrent.TaskRunner - Q10000 finished run in 748 µs: OkHttp ConnectionPool
]]></system-out>
  </testcase>
  <testcase name="testDownloadFileWithHeaders" classname="com.example.httpclient.service.FileTransferServiceTest" time="0.061">
    <system-out><![CDATA[2025-06-03 15:32:07.477 [main] DEBUG o.internal.concurrent.TaskRunner - Q10000 canceled              : OkHttp ConnectionPool
2025-06-03 15:32:07.478 [main] DEBUG o.internal.concurrent.TaskRunner - Q10000 scheduled after   0 µs: OkHttp ConnectionPool
2025-06-03 15:32:07.479 [OkHttp TaskRunner] DEBUG o.internal.concurrent.TaskRunner - Q10000 starting              : OkHttp ConnectionPool
2025-06-03 15:32:07.479 [OkHttp ConnectionPool] DEBUG o.internal.concurrent.TaskRunner - Q10000 run again after 300 s : OkHttp ConnectionPool
2025-06-03 15:32:07.479 [OkHttp TaskRunner] DEBUG o.internal.concurrent.TaskRunner - Q10000 finished run in 383 µs: OkHttp ConnectionPool
2025-06-03 15:32:07.489 [main] DEBUG o.internal.concurrent.TaskRunner - Q10000 scheduled after   0 µs: OkHttp ConnectionPool
2025-06-03 15:32:07.489 [OkHttp TaskRunner] DEBUG o.internal.concurrent.TaskRunner - Q10000 starting              : OkHttp ConnectionPool
2025-06-03 15:32:07.490 [OkHttp ConnectionPool] DEBUG o.internal.concurrent.TaskRunner - Q10000 run again after 300 s : OkHttp ConnectionPool
2025-06-03 15:32:07.491 [OkHttp TaskRunner] DEBUG o.internal.concurrent.TaskRunner - Q10000 finished run in   1 ms: OkHttp ConnectionPool
]]></system-out>
  </testcase>
  <testcase name="testUploadError" classname="com.example.httpclient.service.FileTransferServiceTest" time="0.096">
    <system-out><![CDATA[2025-06-03 15:32:07.550 [main] DEBUG o.internal.concurrent.TaskRunner - Q10000 canceled              : OkHttp ConnectionPool
2025-06-03 15:32:07.550 [main] DEBUG o.internal.concurrent.TaskRunner - Q10000 scheduled after   0 µs: OkHttp ConnectionPool
2025-06-03 15:32:07.550 [OkHttp TaskRunner] DEBUG o.internal.concurrent.TaskRunner - Q10000 starting              : OkHttp ConnectionPool
2025-06-03 15:32:07.551 [OkHttp ConnectionPool] DEBUG o.internal.concurrent.TaskRunner - Q10000 run again after 300 s : OkHttp ConnectionPool
2025-06-03 15:32:07.551 [OkHttp TaskRunner] DEBUG o.internal.concurrent.TaskRunner - Q10000 finished run in 347 µs: OkHttp ConnectionPool
2025-06-03 15:32:07.554 [main] DEBUG o.internal.concurrent.TaskRunner - Q10000 scheduled after   0 µs: OkHttp ConnectionPool
2025-06-03 15:32:07.555 [OkHttp TaskRunner] DEBUG o.internal.concurrent.TaskRunner - Q10000 starting              : OkHttp ConnectionPool
2025-06-03 15:32:07.555 [OkHttp ConnectionPool] DEBUG o.internal.concurrent.TaskRunner - Q10000 run again after 300 s : OkHttp ConnectionPool
2025-06-03 15:32:07.556 [OkHttp TaskRunner] DEBUG o.internal.concurrent.TaskRunner - Q10000 finished run in 648 µs: OkHttp ConnectionPool
]]></system-out>
  </testcase>
  <testcase name="testUploadWithoutFile" classname="com.example.httpclient.service.FileTransferServiceTest" time="0.029"/>
  <testcase name="testAsyncDownload" classname="com.example.httpclient.service.FileTransferServiceTest" time="0.137">
    <system-out><![CDATA[2025-06-03 15:32:07.654 [ForkJoinPool.commonPool-worker-1] DEBUG o.internal.concurrent.TaskRunner - Q10000 canceled              : OkHttp ConnectionPool
2025-06-03 15:32:07.655 [ForkJoinPool.commonPool-worker-1] DEBUG o.internal.concurrent.TaskRunner - Q10000 scheduled after   0 µs: OkHttp ConnectionPool
2025-06-03 15:32:07.655 [OkHttp TaskRunner] DEBUG o.internal.concurrent.TaskRunner - Q10000 starting              : OkHttp ConnectionPool
2025-06-03 15:32:07.655 [OkHttp ConnectionPool] DEBUG o.internal.concurrent.TaskRunner - Q10000 run again after 300 s : OkHttp ConnectionPool
2025-06-03 15:32:07.655 [OkHttp TaskRunner] DEBUG o.internal.concurrent.TaskRunner - Q10000 finished run in 158 µs: OkHttp ConnectionPool
2025-06-03 15:32:07.765 [ForkJoinPool.commonPool-worker-1] DEBUG o.internal.concurrent.TaskRunner - Q10000 scheduled after   0 µs: OkHttp ConnectionPool
2025-06-03 15:32:07.765 [OkHttp TaskRunner] DEBUG o.internal.concurrent.TaskRunner - Q10000 starting              : OkHttp ConnectionPool
2025-06-03 15:32:07.765 [OkHttp ConnectionPool] DEBUG o.internal.concurrent.TaskRunner - Q10000 run again after 300 s : OkHttp ConnectionPool
2025-06-03 15:32:07.765 [OkHttp TaskRunner] DEBUG o.internal.concurrent.TaskRunner - Q10000 finished run in 209 µs: OkHttp ConnectionPool
]]></system-out>
  </testcase>
  <testcase name="testDownloadFileToBytes" classname="com.example.httpclient.service.FileTransferServiceTest" time="0.023">
    <system-out><![CDATA[2025-06-03 15:32:07.787 [main] DEBUG o.internal.concurrent.TaskRunner - Q10000 canceled              : OkHttp ConnectionPool
2025-06-03 15:32:07.788 [main] DEBUG o.internal.concurrent.TaskRunner - Q10000 scheduled after   0 µs: OkHttp ConnectionPool
2025-06-03 15:32:07.791 [main] DEBUG o.internal.concurrent.TaskRunner - Q10000 already scheduled     : OkHttp ConnectionPool
2025-06-03 15:32:07.792 [OkHttp TaskRunner] DEBUG o.internal.concurrent.TaskRunner - Q10000 starting              : OkHttp ConnectionPool
2025-06-03 15:32:07.792 [OkHttp ConnectionPool] DEBUG o.internal.concurrent.TaskRunner - Q10000 run again after 300 s : OkHttp ConnectionPool
2025-06-03 15:32:07.792 [OkHttp TaskRunner] DEBUG o.internal.concurrent.TaskRunner - Q10000 finished run in 243 µs: OkHttp ConnectionPool
]]></system-out>
  </testcase>
  <testcase name="testDownloadError" classname="com.example.httpclient.service.FileTransferServiceTest" time="0.017">
    <system-out><![CDATA[2025-06-03 15:32:07.809 [main] DEBUG o.internal.concurrent.TaskRunner - Q10000 canceled              : OkHttp ConnectionPool
2025-06-03 15:32:07.810 [main] DEBUG o.internal.concurrent.TaskRunner - Q10000 scheduled after   0 µs: OkHttp ConnectionPool
2025-06-03 15:32:07.810 [OkHttp TaskRunner] DEBUG o.internal.concurrent.TaskRunner - Q10000 starting              : OkHttp ConnectionPool
2025-06-03 15:32:07.810 [OkHttp ConnectionPool] DEBUG o.internal.concurrent.TaskRunner - Q10000 run again after 300 s : OkHttp ConnectionPool
2025-06-03 15:32:07.810 [OkHttp TaskRunner] DEBUG o.internal.concurrent.TaskRunner - Q10000 finished run in 111 µs: OkHttp ConnectionPool
2025-06-03 15:32:07.811 [main] DEBUG o.internal.concurrent.TaskRunner - Q10000 scheduled after   0 µs: OkHttp ConnectionPool
2025-06-03 15:32:07.811 [OkHttp TaskRunner] DEBUG o.internal.concurrent.TaskRunner - Q10000 starting              : OkHttp ConnectionPool
2025-06-03 15:32:07.811 [OkHttp ConnectionPool] DEBUG o.internal.concurrent.TaskRunner - Q10000 run again after 300 s : OkHttp ConnectionPool
2025-06-03 15:32:07.811 [OkHttp TaskRunner] DEBUG o.internal.concurrent.TaskRunner - Q10000 finished run in  79 µs: OkHttp ConnectionPool
]]></system-out>
  </testcase>
  <testcase name="testGetContentType" classname="com.example.httpclient.service.FileTransferServiceTest" time="0.017"/>
  <testcase name="testDownloadFile" classname="com.example.httpclient.service.FileTransferServiceTest" time="0.016">
    <system-out><![CDATA[2025-06-03 15:32:07.842 [main] DEBUG o.internal.concurrent.TaskRunner - Q10000 canceled              : OkHttp ConnectionPool
2025-06-03 15:32:07.843 [main] DEBUG o.internal.concurrent.TaskRunner - Q10000 scheduled after   0 µs: OkHttp ConnectionPool
2025-06-03 15:32:07.843 [OkHttp TaskRunner] DEBUG o.internal.concurrent.TaskRunner - Q10000 starting              : OkHttp ConnectionPool
2025-06-03 15:32:07.843 [OkHttp ConnectionPool] DEBUG o.internal.concurrent.TaskRunner - Q10000 run again after 300 s : OkHttp ConnectionPool
2025-06-03 15:32:07.843 [OkHttp TaskRunner] DEBUG o.internal.concurrent.TaskRunner - Q10000 finished run in 125 µs: OkHttp ConnectionPool
2025-06-03 15:32:07.845 [main] DEBUG o.internal.concurrent.TaskRunner - Q10000 scheduled after   0 µs: OkHttp ConnectionPool
2025-06-03 15:32:07.845 [OkHttp TaskRunner] DEBUG o.internal.concurrent.TaskRunner - Q10000 starting              : OkHttp ConnectionPool
2025-06-03 15:32:07.845 [OkHttp ConnectionPool] DEBUG o.internal.concurrent.TaskRunner - Q10000 run again after 300 s : OkHttp ConnectionPool
2025-06-03 15:32:07.845 [OkHttp TaskRunner] DEBUG o.internal.concurrent.TaskRunner - Q10000 finished run in 338 µs: OkHttp ConnectionPool
]]></system-out>
  </testcase>
</testsuite>